<?xml version="1.0" encoding="UTF-8"?>
<!-- Generated by org.testng.reporters.JUnitXMLReporter -->
<testsuite hostname="DESKTOP-5QSTMII" ignored="0" name="Command line test" tests="1" failures="1" timestamp="23 Jan 2021 17:55:34 GMT" time="0.381" errors="0">
  <testcase name="test01" time="0.292" classname="com.jbk.DemoTest">
    <failure type="java.lang.IllegalStateException" message="The driver executable does not exist: E:\workspace3\com.demoproject\chromedriver.exe">
      <![CDATA[java.lang.IllegalStateException: The driver executable does not exist: E:\workspace3\com.demoproject\chromedriver.exe
at com.google.common.base.Preconditions.checkState(Preconditions.java:585)
at org.openqa.selenium.remote.service.DriverService.checkExecutable(DriverService.java:146)
at org.openqa.selenium.remote.service.DriverService.findExecutable(DriverService.java:141)
at org.openqa.selenium.chrome.ChromeDriverService.access$000(ChromeDriverService.java:35)
at org.openqa.selenium.chrome.ChromeDriverService$Builder.findDefaultExecutable(ChromeDriverService.java:159)
at org.openqa.selenium.remote.service.DriverService$Builder.build(DriverService.java:355)
at org.openqa.selenium.chrome.ChromeDriverService.createDefaultService(ChromeDriverService.java:94)
at org.openqa.selenium.chrome.ChromeDriver.<init>(ChromeDriver.java:123)
at com.jbk.DemoTest.test01(DemoTest.java:14)
... Removed 34 stack frames]]>
    </failure>
  </testcase> <!-- test01 -->
</testsuite> <!-- Command line test -->
