<?xml version="1.0" encoding="UTF-8"?>
<testng-results skipped="0" failed="0" ignored="0" total="2" passed="2">
  <reporter-output>
  </reporter-output>
  <suite name="Suite" duration-ms="88393" started-at="2021-02-06T18:12:16Z" finished-at="2021-02-06T18:13:44Z">
    <groups>
    </groups>
    <test name="Test" duration-ms="88393" started-at="2021-02-06T18:12:16Z" finished-at="2021-02-06T18:13:44Z">
      <class name="com.jbk.Demo2">
        <test-method status="PASS" signature="test01()[pri:0, instance:com.jbk.Demo2@54a097cc]" name="test01" duration-ms="87593" started-at="2021-02-06T18:12:16Z" finished-at="2021-02-06T18:13:43Z">
          <reporter-output>
          </reporter-output>
        </test-method> <!-- test01 -->
      </class> <!-- com.jbk.Demo2 -->
      <class name="com.jbk.Demo1">
        <test-method status="PASS" signature="test01()[pri:0, instance:com.jbk.Demo1@7225790e]" name="test01" duration-ms="88143" started-at="2021-02-06T18:12:16Z" finished-at="2021-02-06T18:13:44Z">
          <reporter-output>
          </reporter-output>
        </test-method> <!-- test01 -->
      </class> <!-- com.jbk.Demo1 -->
    </test> <!-- Test -->
  </suite> <!-- Suite -->
</testng-results>
