<?xml version="1.0" encoding="UTF-8"?>
<testsuite xmlns:xsi="http://www.w3.org/2001/XMLSchema-instance" xsi:noNamespaceSchemaLocation="https://maven.apache.org/surefire/maven-surefire-plugin/xsd/surefire-test-report-3.0.xsd" version="3.0" name="TestSuite" time="98.33" tests="2" errors="0" skipped="0" failures="0">
  <properties>
[...]
</properties>
  <testcase name="test01" classname="com.jbk.Demo2" time="87.796">
    <system-err><![CDATA[Starting ChromeDriver 87.0.S4t2a8r0t.88 (89e2380a3e36c3464b5dd13i02n349b1382549290d-refs/branch-heads/4280@{#1761}) on port 9938
Only local connections are allowed.
Please see https://chromedriver.chromium.org/security-considerations for suggestions on keeping ChromeDriver safe.
g ChromeDriver 87.0.4280.88 (89e2380a3e36c3464b5dd1302349b1382549290d-refs/branch-heads/4280@{#1761}) on port 39266
Only local connections are allowed.
Please see https://chromedriver.chromium.org/security-considerations for suggestions on keeping ChromeDriver safe.
ChromeDriver was started successfully.
ChromeDriver was started successfully.
[1612635175.269][WARNING]: This version of ChromeDriver has not been tested with Chrome version 88.
[1612635175.270][WARNING]: This version of ChromeDriver has not been tested with Chrome version 88.
[1612635180.526][WARNING]: Timed out connecting to Chrome, retrying...
[1612635180.540][WARNING]: Timed out connecting to Chrome, retrying...
Feb 06, 2021 11:43:07 PM org.openqa.selenium.remote.ProtocolHandshake createSession
INFO: Detected dialect: W3C
Feb 06, 2021 11:43:07 PM org.openqa.selenium.remote.ProtocolHandshake createSession
INFO: Detected dialect: W3C
]]></system-err>
  </testcase>
  <testcase name="test01" classname="com.jbk.Demo1" time="88.173"/>
</testsuite>